[0.039s] Invoking command in '/home/lrs-ubuntu/proj1/build/template_drone_control': CMAKE_PREFIX_PATH=/opt/ros/foxy /usr/bin/cmake /home/lrs-ubuntu/proj1/src/template_drone_control -DCMAKE_INSTALL_PREFIX=/home/lrs-ubuntu/proj1/install/template_drone_control
[0.563s] -- The C compiler identification is GNU 9.4.0
[0.901s] -- The CXX compiler identification is GNU 9.4.0
[0.926s] -- Check for working C compiler: /usr/lib/ccache/cc
[1.110s] -- Check for working C compiler: /usr/lib/ccache/cc -- works
[1.120s] -- Detecting C compiler ABI info
[1.215s] -- Detecting C compiler ABI info - done
[1.235s] -- Detecting C compile features
[1.235s] -- Detecting C compile features - done
[1.242s] -- Check for working CXX compiler: /usr/lib/ccache/g++
[1.396s] -- Check for working CXX compiler: /usr/lib/ccache/g++ -- works
[1.398s] -- Detecting CXX compiler ABI info
[1.511s] -- Detecting CXX compiler ABI info - done
[1.533s] -- Detecting CXX compile features
[1.533s] -- Detecting CXX compile features - done
[1.544s] -- Found ament_cmake: 0.9.12 (/opt/ros/foxy/share/ament_cmake/cmake)
[1.597s] -- Found PythonInterp: /usr/bin/python3 (found suitable version "3.8.10", minimum required is "3") 
[1.597s] -- Using PYTHON_EXECUTABLE: /usr/bin/python3
[1.865s] -- Found rclcpp: 2.4.3 (/opt/ros/foxy/share/rclcpp/cmake)
[1.983s] -- Using all available rosidl_typesupport_c: rosidl_typesupport_fastrtps_c;rosidl_typesupport_introspection_c
[2.001s] -- Found rosidl_adapter: 1.3.1 (/opt/ros/foxy/share/rosidl_adapter/cmake)
[2.189s] -- Found OpenSSL: /usr/lib/x86_64-linux-gnu/libcrypto.so (found version "1.1.1f")  
[2.220s] -- Found FastRTPS: /opt/ros/foxy/include  
[2.366s] -- Using all available rosidl_typesupport_cpp: rosidl_typesupport_fastrtps_cpp;rosidl_typesupport_introspection_cpp
[2.521s] -- Found rmw_implementation_cmake: 1.0.4 (/opt/ros/foxy/share/rmw_implementation_cmake/cmake)
[2.525s] -- Using RMW implementation 'rmw_fastrtps_cpp' as default
[2.530s] -- Looking for pthread.h
[2.738s] -- Looking for pthread.h - found
[2.738s] -- Performing Test CMAKE_HAVE_LIBC_PTHREAD
[2.905s] -- Performing Test CMAKE_HAVE_LIBC_PTHREAD - Failed
[2.905s] -- Looking for pthread_create in pthreads
[2.999s] -- Looking for pthread_create in pthreads - not found
[3.000s] -- Looking for pthread_create in pthread
[3.082s] -- Looking for pthread_create in pthread - found
[3.085s] -- Found Threads: TRUE  
[3.465s] -- Found geometry_msgs: 2.0.5 (/opt/ros/foxy/share/geometry_msgs/cmake)
[3.530s] -- Found mavros_msgs: 2.4.0 (/opt/ros/foxy/share/mavros_msgs/cmake)
[4.202s] -- Configuring done
[4.215s] -- Generating done
[4.216s] -- Build files have been written to: /home/lrs-ubuntu/proj1/build/template_drone_control
[4.224s] Invoked command in '/home/lrs-ubuntu/proj1/build/template_drone_control' returned '0': CMAKE_PREFIX_PATH=/opt/ros/foxy /usr/bin/cmake /home/lrs-ubuntu/proj1/src/template_drone_control -DCMAKE_INSTALL_PREFIX=/home/lrs-ubuntu/proj1/install/template_drone_control
[4.228s] Invoking command in '/home/lrs-ubuntu/proj1/build/template_drone_control': CMAKE_PREFIX_PATH=/opt/ros/foxy /usr/bin/cmake --build /home/lrs-ubuntu/proj1/build/template_drone_control -- -j8 -l8
[4.281s] [35m[1mScanning dependencies of target template_drone_control_node[0m
[4.609s] [ 50%] [32mBuilding CXX object CMakeFiles/template_drone_control_node.dir/src/template_drone_control_node.cpp.o[0m
[13.757s] [100%] [32m[1mLinking CXX executable template_drone_control_node[0m
[14.528s] [100%] Built target template_drone_control_node
[14.546s] Invoked command in '/home/lrs-ubuntu/proj1/build/template_drone_control' returned '0': CMAKE_PREFIX_PATH=/opt/ros/foxy /usr/bin/cmake --build /home/lrs-ubuntu/proj1/build/template_drone_control -- -j8 -l8
[14.593s] Invoking command in '/home/lrs-ubuntu/proj1/build/template_drone_control': CMAKE_PREFIX_PATH=/opt/ros/foxy /usr/bin/cmake --install /home/lrs-ubuntu/proj1/build/template_drone_control
[14.601s] -- Install configuration: ""
[14.601s] -- Installing: /home/lrs-ubuntu/proj1/install/template_drone_control/lib/template_drone_control/template_drone_control_node
[14.605s] -- Set runtime path of "/home/lrs-ubuntu/proj1/install/template_drone_control/lib/template_drone_control/template_drone_control_node" to ""
[14.605s] -- Installing: /home/lrs-ubuntu/proj1/install/template_drone_control/share/ament_index/resource_index/package_run_dependencies/template_drone_control
[14.605s] -- Installing: /home/lrs-ubuntu/proj1/install/template_drone_control/share/ament_index/resource_index/parent_prefix_path/template_drone_control
[14.605s] -- Installing: /home/lrs-ubuntu/proj1/install/template_drone_control/share/template_drone_control/environment/ament_prefix_path.sh
[14.605s] -- Installing: /home/lrs-ubuntu/proj1/install/template_drone_control/share/template_drone_control/environment/ament_prefix_path.dsv
[14.606s] -- Installing: /home/lrs-ubuntu/proj1/install/template_drone_control/share/template_drone_control/environment/path.sh
[14.606s] -- Installing: /home/lrs-ubuntu/proj1/install/template_drone_control/share/template_drone_control/environment/path.dsv
[14.606s] -- Installing: /home/lrs-ubuntu/proj1/install/template_drone_control/share/template_drone_control/local_setup.bash
[14.606s] -- Installing: /home/lrs-ubuntu/proj1/install/template_drone_control/share/template_drone_control/local_setup.sh
[14.606s] -- Installing: /home/lrs-ubuntu/proj1/install/template_drone_control/share/template_drone_control/local_setup.zsh
[14.607s] -- Installing: /home/lrs-ubuntu/proj1/install/template_drone_control/share/template_drone_control/local_setup.dsv
[14.607s] -- Installing: /home/lrs-ubuntu/proj1/install/template_drone_control/share/template_drone_control/package.dsv
[14.607s] -- Installing: /home/lrs-ubuntu/proj1/install/template_drone_control/share/ament_index/resource_index/packages/template_drone_control
[14.607s] -- Installing: /home/lrs-ubuntu/proj1/install/template_drone_control/share/template_drone_control/cmake/template_drone_controlConfig.cmake
[14.607s] -- Installing: /home/lrs-ubuntu/proj1/install/template_drone_control/share/template_drone_control/cmake/template_drone_controlConfig-version.cmake
[14.608s] -- Installing: /home/lrs-ubuntu/proj1/install/template_drone_control/share/template_drone_control/package.xml
[14.609s] Invoked command in '/home/lrs-ubuntu/proj1/build/template_drone_control' returned '0': CMAKE_PREFIX_PATH=/opt/ros/foxy /usr/bin/cmake --install /home/lrs-ubuntu/proj1/build/template_drone_control
